{"numFailedTestSuites":0,"numFailedTests":0,"numPassedTestSuites":1,"numPassedTests":61,"numPendingTestSuites":0,"numPendingTests":0,"numRuntimeErrorTestSuites":0,"numTodoTests":0,"numTotalTestSuites":1,"numTotalTests":61,"openHandles":[],"snapshot":{"added":0,"didUpdate":false,"failure":false,"filesAdded":0,"filesRemoved":0,"filesRemovedList":[],"filesUnmatched":0,"filesUpdated":0,"matched":0,"total":0,"unchecked":0,"uncheckedKeysByFile":[],"unmatched":0,"updated":0},"startTime":1783421273043,"success":true,"testResults":[{"assertionResults":[{"ancestorTitles":["§1 – Webhook Core Flow"],"duration":7,"failing":false,"failureDetails":[],"failureMessages":[],"fullName":"§1 – Webhook Core Flow 1.1 – successful payment: processed=true, status=COMPLETED, tx marked","invocations":1,"location":null,"numPassingAsserts":3,"retryReasons":[],"startAt":1783421276457,"status":"passed","title":"1.1 – successful payment: processed=true, status=COMPLETED, tx marked"},{"ancestorTitles":["§1 – Webhook Core Flow"],"duration":2,"failing":false,"failureDetails":[],"failureMessages":[],"fullName":"§1 – Webhook Core Flow 1.2 – failed provider result: processed=true, status=FAILED, no RADIUS/MikroTik","invocations":1,"location":null,"numPassingAsserts":5,"retryReasons":[],"startAt":1783421276465,"status":"passed","title":"1.2 – failed provider result: processed=true, status=FAILED, no RADIUS/MikroTik"},{"ancestorTitles":["§1 – Webhook Core Flow"],"duration":2,"failing":false,"failureDetails":[],"failureMessages":[],"fullName":"§1 – Webhook Core Flow 1.3 – invalid signature: processed=false, transaction never touched","invocations":1,"location":null,"numPassingAsserts":3,"retryReasons":[],"startAt":1783421276467,"status":"passed","title":"1.3 – invalid signature: processed=false, transaction never touched"},{"ancestorTitles":["§1 – Webhook Core Flow"],"duration":1,"failing":false,"failureDetails":[],"failureMessages":[],"fullName":"§1 – Webhook Core Flow 1.4 – concurrent duplicate (updateMany count=0): processed=true, no re-activation","invocations":1,"location":null,"numPassingAsserts":3,"retryReasons":[],"startAt":1783421276469,"status":"passed","title":"1.4 – concurrent duplicate (updateMany count=0): processed=true, no re-activation"},{"ancestorTitles":["§1 – Webhook Core Flow"],"duration":1,"failing":false,"failureDetails":[],"failureMessages":[],"fullName":"§1 – Webhook Core Flow 1.5 – missing transactionRef in payload: processed=false","invocations":1,"location":null,"numPassingAsserts":2,"retryReasons":[],"startAt":1783421276470,"status":"passed","title":"1.5 – missing transactionRef in payload: processed=false"},{"ancestorTitles":["§1 – Webhook Core Flow"],"duration":0,"failing":false,"failureDetails":[],"failureMessages":[],"fullName":"§1 – Webhook Core Flow 1.6 – unsupported provider: processed=false immediately","invocations":1,"location":null,"numPassingAsserts":2,"retryReasons":[],"startAt":1783421276472,"status":"passed","title":"1.6 – unsupported provider: processed=false immediately"},{"ancestorTitles":["§2 – Partial Payment Attack Prevention"],"duration":2,"failing":false,"failureDetails":[],"failureMessages":[],"fullName":"§2 – Partial Payment Attack Prevention 2.1 – underpayment (999 < 5000): FAILED, no RADIUS or MikroTik","invocations":1,"location":null,"numPassingAsserts":5,"retryReasons":[],"startAt":1783421276472,"status":"passed","title":"2.1 – underpayment (999 < 5000): FAILED, no RADIUS or MikroTik"},{"ancestorTitles":["§2 – Partial Payment Attack Prevention"],"duration":1,"failing":false,"failureDetails":[],"failureMessages":[],"fullName":"§2 – Partial Payment Attack Prevention 2.2 – exact match (5000 = 5000): COMPLETED","invocations":1,"location":null,"numPassingAsserts":1,"retryReasons":[],"startAt":1783421276474,"status":"passed","title":"2.2 – exact match (5000 = 5000): COMPLETED"},{"ancestorTitles":["§2 – Partial Payment Attack Prevention"],"duration":2,"failing":false,"failureDetails":[],"failureMessages":[],"fullName":"§2 – Partial Payment Attack Prevention 2.3 – overpayment (10000 > 5000): treated as success","invocations":1,"location":null,"numPassingAsserts":1,"retryReasons":[],"startAt":1783421276475,"status":"passed","title":"2.3 – overpayment (10000 > 5000): treated as success"},{"ancestorTitles":["§3 – FreeRADIUS Synchronisation"],"duration":1,"failing":false,"failureDetails":[],"failureMessages":[],"fullName":"§3 – FreeRADIUS Synchronisation 3.1 – successful payment syncs RADIUS: username, phone-password, rateLimit, status","invocations":1,"location":null,"numPassingAsserts":2,"retryReasons":[],"startAt":1783421276477,"status":"passed","title":"3.1 – successful payment syncs RADIUS: username, phone-password, rateLimit, status"},{"ancestorTitles":["§3 – FreeRADIUS Synchronisation"],"duration":1,"failing":false,"failureDetails":[],"failureMessages":[],"fullName":"§3 – FreeRADIUS Synchronisation 3.2 – Kbps package produces \"k\" suffix in rateLimit","invocations":1,"location":null,"numPassingAsserts":1,"retryReasons":[],"startAt":1783421276479,"status":"passed","title":"3.2 – Kbps package produces \"k\" suffix in rateLimit"},{"ancestorTitles":["§3 – FreeRADIUS Synchronisation"],"duration":2,"failing":false,"failureDetails":[],"failureMessages":[],"fullName":"§3 – FreeRADIUS Synchronisation 3.3 – RADIUS expiresAt is a future Date","invocations":1,"location":null,"numPassingAsserts":2,"retryReasons":[],"startAt":1783421276480,"status":"passed","title":"3.3 – RADIUS expiresAt is a future Date"},{"ancestorTitles":["§3 – FreeRADIUS Synchronisation"],"duration":2,"failing":false,"failureDetails":[],"failureMessages":[],"fullName":"§3 – FreeRADIUS Synchronisation 3.4 – RADIUS profileName equals the raw package name","invocations":1,"location":null,"numPassingAsserts":1,"retryReasons":[],"startAt":1783421276482,"status":"passed","title":"3.4 – RADIUS profileName equals the raw package name"},{"ancestorTitles":["§3 – FreeRADIUS Synchronisation"],"duration":1,"failing":false,"failureDetails":[],"failureMessages":[],"fullName":"§3 – FreeRADIUS Synchronisation 3.5 – RADIUS sync failure: payment COMPLETED, sub marked PENDING_RADIUS_SYNC","invocations":1,"location":null,"numPassingAsserts":2,"retryReasons":[],"startAt":1783421276484,"status":"passed","title":"3.5 – RADIUS sync failure: payment COMPLETED, sub marked PENDING_RADIUS_SYNC"},{"ancestorTitles":["§3 – FreeRADIUS Synchronisation"],"duration":1,"failing":false,"failureDetails":[],"failureMessages":[],"fullName":"§3 – FreeRADIUS Synchronisation 3.6 – null phone falls back to username as RADIUS password (RAD-002)","invocations":1,"location":null,"numPassingAsserts":1,"retryReasons":[],"startAt":1783421276486,"status":"passed","title":"3.6 – null phone falls back to username as RADIUS password (RAD-002)"},{"ancestorTitles":["§3 – FreeRADIUS Synchronisation"],"duration":1,"failing":false,"failureDetails":[],"failureMessages":[],"fullName":"§3 – FreeRADIUS Synchronisation 3.7 – no RADIUS call when package is null","invocations":1,"location":null,"numPassingAsserts":1,"retryReasons":[],"startAt":1783421276487,"status":"passed","title":"3.7 – no RADIUS call when package is null"},{"ancestorTitles":["§3 – FreeRADIUS Synchronisation"],"duration":1,"failing":false,"failureDetails":[],"failureMessages":[],"fullName":"§3 – FreeRADIUS Synchronisation 3.8 – RADIUS tenantId comes from the package, not hardcoded","invocations":1,"location":null,"numPassingAsserts":1,"retryReasons":[],"startAt":1783421276488,"status":"passed","title":"3.8 – RADIUS tenantId comes from the package, not hardcoded"},{"ancestorTitles":["§4 – MikroTik Activation"],"duration":2,"failing":false,"failureDetails":[],"failureMessages":[],"fullName":"§4 – MikroTik Activation 4.1 – package with routerId: getMikroTikService + activateService called","invocations":1,"location":null,"numPassingAsserts":2,"retryReasons":[],"startAt":1783421276489,"status":"passed","title":"4.1 – package with routerId: getMikroTikService + activateService called"},{"ancestorTitles":["§4 – MikroTik Activation"],"duration":1,"failing":false,"failureDetails":[],"failureMessages":[],"fullName":"§4 – MikroTik Activation 4.2 – activateService receives the RAW package name (sanitize is internal to MikroTikService)","invocations":1,"location":null,"numPassingAsserts":1,"retryReasons":[],"startAt":1783421276491,"status":"passed","title":"4.2 – activateService receives the RAW package name (sanitize is internal to MikroTikService)"},{"ancestorTitles":["§4 – MikroTik Activation"],"duration":1,"failing":false,"failureDetails":[],"failureMessages":[],"fullName":"§4 – MikroTik Activation 4.3 – PPPoE client passes \"pppoe\" serviceType","invocations":1,"location":null,"numPassingAsserts":1,"retryReasons":[],"startAt":1783421276493,"status":"passed","title":"4.3 – PPPoE client passes \"pppoe\" serviceType"},{"ancestorTitles":["§4 – MikroTik Activation"],"duration":1,"failing":false,"failureDetails":[],"failureMessages":[],"fullName":"§4 – MikroTik Activation 4.4 – routerId=null: getMikroTikService never called","invocations":1,"location":null,"numPassingAsserts":2,"retryReasons":[],"startAt":1783421276494,"status":"passed","title":"4.4 – routerId=null: getMikroTikService never called"},{"ancestorTitles":["§4 – MikroTik Activation"],"duration":2,"failing":false,"failureDetails":[],"failureMessages":[],"fullName":"§4 – MikroTik Activation 4.5 – MikroTik failure: payment COMPLETED, error router log created","invocations":1,"location":null,"numPassingAsserts":2,"retryReasons":[],"startAt":1783421276495,"status":"passed","title":"4.5 – MikroTik failure: payment COMPLETED, error router log created"},{"ancestorTitles":["§4 – MikroTik Activation"],"duration":1,"failing":false,"failureDetails":[],"failureMessages":[],"fullName":"§4 – MikroTik Activation 4.6 – successful MikroTik activation logs PAYMENT_WEBHOOK_ACTIVATED","invocations":1,"location":null,"numPassingAsserts":1,"retryReasons":[],"startAt":1783421276497,"status":"passed","title":"4.6 – successful MikroTik activation logs PAYMENT_WEBHOOK_ACTIVATED"},{"ancestorTitles":["§4 – MikroTik Activation"],"duration":1,"failing":false,"failureDetails":[],"failureMessages":[],"fullName":"§4 – MikroTik Activation 4.7 – successful MikroTik activation sets subscription syncStatus=SYNCED","invocations":1,"location":null,"numPassingAsserts":1,"retryReasons":[],"startAt":1783421276498,"status":"passed","title":"4.7 – successful MikroTik activation sets subscription syncStatus=SYNCED"},{"ancestorTitles":["§5 – Subscription Lifecycle"],"duration":1,"failing":false,"failureDetails":[],"failureMessages":[],"fullName":"§5 – Subscription Lifecycle 5.1 – new subscriber: subscription.create called, not update","invocations":1,"location":null,"numPassingAsserts":2,"retryReasons":[],"startAt":1783421276499,"status":"passed","title":"5.1 – new subscriber: subscription.create called, not update"},{"ancestorTitles":["§5 – Subscription Lifecycle"],"duration":1,"failing":false,"failureDetails":[],"failureMessages":[],"fullName":"§5 – Subscription Lifecycle 5.2 – existing active subscriber: subscription.update (extend), no create (PAY-005)","invocations":1,"location":null,"numPassingAsserts":2,"retryReasons":[],"startAt":1783421276500,"status":"passed","title":"5.2 – existing active subscriber: subscription.update (extend), no create (PAY-005)"},{"ancestorTitles":["§5 – Subscription Lifecycle"],"duration":1,"failing":false,"failureDetails":[],"failureMessages":[],"fullName":"§5 – Subscription Lifecycle 5.3 – client.update is called with status: ACTIVE","invocations":1,"location":null,"numPassingAsserts":1,"retryReasons":[],"startAt":1783421276501,"status":"passed","title":"5.3 – client.update is called with status: ACTIVE"},{"ancestorTitles":["§5 – Subscription Lifecycle"],"duration":1,"failing":false,"failureDetails":[],"failureMessages":[],"fullName":"§5 – Subscription Lifecycle 5.4 – concurrent duplicate (count=0): processed=true, no sub created","invocations":1,"location":null,"numPassingAsserts":3,"retryReasons":[],"startAt":1783421276503,"status":"passed","title":"5.4 – concurrent duplicate (count=0): processed=true, no sub created"},{"ancestorTitles":["§5 – Subscription Lifecycle"],"duration":1,"failing":false,"failureDetails":[],"failureMessages":[],"fullName":"§5 – Subscription Lifecycle 5.5 – DAYS package: RADIUS expiresAt is ~30 days in the future","invocations":1,"location":null,"numPassingAsserts":2,"retryReasons":[],"startAt":1783421276504,"status":"passed","title":"5.5 – DAYS package: RADIUS expiresAt is ~30 days in the future"},{"ancestorTitles":["§6 – Payment Channel Registry"],"duration":1,"failing":false,"failureDetails":[],"failureMessages":[],"fullName":"§6 – Payment Channel Registry 6.1 – getChannel scopes query to tenantId + provider + ACTIVE","invocations":1,"location":null,"numPassingAsserts":1,"retryReasons":[],"startAt":1783421276505,"status":"passed","title":"6.1 – getChannel scopes query to tenantId + provider + ACTIVE"},{"ancestorTitles":["§6 – Payment Channel Registry"],"duration":1,"failing":false,"failureDetails":[],"failureMessages":[],"fullName":"§6 – Payment Channel Registry 6.2 – getChannel with null tenantId queries tenantId: null (global channels)","invocations":1,"location":null,"numPassingAsserts":1,"retryReasons":[],"startAt":1783421276506,"status":"passed","title":"6.2 – getChannel with null tenantId queries tenantId: null (global channels)"},{"ancestorTitles":["§6 – Payment Channel Registry"],"duration":1,"failing":false,"failureDetails":[],"failureMessages":[],"fullName":"§6 – Payment Channel Registry 6.3 – initiatePayment rejects unsupported provider","invocations":1,"location":null,"numPassingAsserts":2,"retryReasons":[],"startAt":1783421276507,"status":"passed","title":"6.3 – initiatePayment rejects unsupported provider"},{"ancestorTitles":["§6 – Payment Channel Registry"],"duration":1,"failing":false,"failureDetails":[],"failureMessages":[],"fullName":"§6 – Payment Channel Registry 6.4 – initiatePayment rejects amount < 100","invocations":1,"location":null,"numPassingAsserts":2,"retryReasons":[],"startAt":1783421276509,"status":"passed","title":"6.4 – initiatePayment rejects amount < 100"},{"ancestorTitles":["§6 – Payment Channel Registry"],"duration":1,"failing":false,"failureDetails":[],"failureMessages":[],"fullName":"§6 – Payment Channel Registry 6.5 – initiatePayment is idempotent for PENDING transaction","invocations":1,"location":null,"numPassingAsserts":3,"retryReasons":[],"startAt":1783421276510,"status":"passed","title":"6.5 – initiatePayment is idempotent for PENDING transaction"},{"ancestorTitles":["§6 – Payment Channel Registry"],"duration":1,"failing":false,"failureDetails":[],"failureMessages":[],"fullName":"§6 – Payment Channel Registry 6.6 – initiatePayment is idempotent for COMPLETED transaction","invocations":1,"location":null,"numPassingAsserts":2,"retryReasons":[],"startAt":1783421276511,"status":"passed","title":"6.6 – initiatePayment is idempotent for COMPLETED transaction"},{"ancestorTitles":["§7 – MikroTik Name Sanitisation"],"duration":1,"failing":false,"failureDetails":[],"failureMessages":[],"fullName":"§7 – MikroTik Name Sanitisation sanitizeMikroTikName(\"10 Mbps Home\") → \"10-mbps-home\"","invocations":1,"location":null,"numPassingAsserts":1,"retryReasons":[],"startAt":1783421276512,"status":"passed","title":"sanitizeMikroTikName(\"10 Mbps Home\") → \"10-mbps-home\""},{"ancestorTitles":["§7 – MikroTik Name Sanitisation"],"duration":1,"failing":false,"failureDetails":[],"failureMessages":[],"fullName":"§7 – MikroTik Name Sanitisation sanitizeMikroTikName(\"50 Mbps / Business\") → \"50-mbps-business\"","invocations":1,"location":null,"numPassingAsserts":1,"retryReasons":[],"startAt":1783421276513,"status":"passed","title":"sanitizeMikroTikName(\"50 Mbps / Business\") → \"50-mbps-business\""},{"ancestorTitles":["§7 – MikroTik Name Sanitisation"],"duration":0,"failing":false,"failureDetails":[],"failureMessages":[],"fullName":"§7 – MikroTik Name Sanitisation sanitizeMikroTikName(\"Gold Plan!!! 100M\") → \"gold-plan-100m\"","invocations":1,"location":null,"numPassingAsserts":1,"retryReasons":[],"startAt":1783421276514,"status":"passed","title":"sanitizeMikroTikName(\"Gold Plan!!! 100M\") → \"gold-plan-100m\""},{"ancestorTitles":["§7 – MikroTik Name Sanitisation"],"duration":0,"failing":false,"failureDetails":[],"failureMessages":[],"fullName":"§7 – MikroTik Name Sanitisation sanitizeMikroTikName(\"--leading-dash\") → \"leading-dash\"","invocations":1,"location":null,"numPassingAsserts":1,"retryReasons":[],"startAt":1783421276514,"status":"passed","title":"sanitizeMikroTikName(\"--leading-dash\") → \"leading-dash\""},{"ancestorTitles":["§7 – MikroTik Name Sanitisation"],"duration":1,"failing":false,"failureDetails":[],"failureMessages":[],"fullName":"§7 – MikroTik Name Sanitisation sanitizeMikroTikName(\"trailing-dash--\") → \"trailing-dash\"","invocations":1,"location":null,"numPassingAsserts":1,"retryReasons":[],"startAt":1783421276514,"status":"passed","title":"sanitizeMikroTikName(\"trailing-dash--\") → \"trailing-dash\""},{"ancestorTitles":["§7 – MikroTik Name Sanitisation"],"duration":0,"failing":false,"failureDetails":[],"failureMessages":[],"fullName":"§7 – MikroTik Name Sanitisation sanitizeMikroTikName(\"Multiple   Spaces\") → \"multiple-spaces\"","invocations":1,"location":null,"numPassingAsserts":1,"retryReasons":[],"startAt":1783421276515,"status":"passed","title":"sanitizeMikroTikName(\"Multiple   Spaces\") → \"multiple-spaces\""},{"ancestorTitles":["§7 – MikroTik Name Sanitisation"],"duration":0,"failing":false,"failureDetails":[],"failureMessages":[],"fullName":"§7 – MikroTik Name Sanitisation sanitizeMikroTikName(\"UPPERCASE\") → \"uppercase\"","invocations":1,"location":null,"numPassingAsserts":1,"retryReasons":[],"startAt":1783421276515,"status":"passed","title":"sanitizeMikroTikName(\"UPPERCASE\") → \"uppercase\""},{"ancestorTitles":["§7 – MikroTik Name Sanitisation"],"duration":1,"failing":false,"failureDetails":[],"failureMessages":[],"fullName":"§7 – MikroTik Name Sanitisation sanitizeMikroTikName(\"\") → \"unnamed\"","invocations":1,"location":null,"numPassingAsserts":1,"retryReasons":[],"startAt":1783421276515,"status":"passed","title":"sanitizeMikroTikName(\"\") → \"unnamed\""},{"ancestorTitles":["§7 – MikroTik Name Sanitisation"],"duration":0,"failing":false,"failureDetails":[],"failureMessages":[],"fullName":"§7 – MikroTik Name Sanitisation sanitizeMikroTikName(\"   \") → \"unnamed\"","invocations":1,"location":null,"numPassingAsserts":1,"retryReasons":[],"startAt":1783421276516,"status":"passed","title":"sanitizeMikroTikName(\"   \") → \"unnamed\""},{"ancestorTitles":["§7 – MikroTik Name Sanitisation"],"duration":1,"failing":false,"failureDetails":[],"failureMessages":[],"fullName":"§7 – MikroTik Name Sanitisation sanitizeMikroTikName(\"a\") → \"a\"","invocations":1,"location":null,"numPassingAsserts":1,"retryReasons":[],"startAt":1783421276516,"status":"passed","title":"sanitizeMikroTikName(\"a\") → \"a\""},{"ancestorTitles":["§7 – MikroTik Name Sanitisation"],"duration":0,"failing":false,"failureDetails":[],"failureMessages":[],"fullName":"§7 – MikroTik Name Sanitisation sanitizeMikroTikName(\"A1-Package\") → \"a1-package\"","invocations":1,"location":null,"numPassingAsserts":1,"retryReasons":[],"startAt":1783421276517,"status":"passed","title":"sanitizeMikroTikName(\"A1-Package\") → \"a1-package\""},{"ancestorTitles":["§8 – Webhook Log Lifecycle"],"duration":1,"failing":false,"failureDetails":[],"failureMessages":[],"fullName":"§8 – Webhook Log Lifecycle 8.1 – webhookLog created on globalDb regardless of signature validity","invocations":1,"location":null,"numPassingAsserts":1,"retryReasons":[],"startAt":1783421276517,"status":"passed","title":"8.1 – webhookLog created on globalDb regardless of signature validity"},{"ancestorTitles":["§8 – Webhook Log Lifecycle"],"duration":1,"failing":false,"failureDetails":[],"failureMessages":[],"fullName":"§8 – Webhook Log Lifecycle 8.2 – final webhookLog.update on globalDb: status=COMPLETED + processedAt","invocations":1,"location":null,"numPassingAsserts":2,"retryReasons":[],"startAt":1783421276518,"status":"passed","title":"8.2 – final webhookLog.update on globalDb: status=COMPLETED + processedAt"},{"ancestorTitles":["§8 – Webhook Log Lifecycle"],"duration":1,"failing":false,"failureDetails":[],"failureMessages":[],"fullName":"§8 – Webhook Log Lifecycle 8.3 – invalid signature: globalDb.webhookLog.update gets status=FAILED","invocations":1,"location":null,"numPassingAsserts":1,"retryReasons":[],"startAt":1783421276519,"status":"passed","title":"8.3 – invalid signature: globalDb.webhookLog.update gets status=FAILED"},{"ancestorTitles":["§8 – Webhook Log Lifecycle"],"duration":1,"failing":false,"failureDetails":[],"failureMessages":[],"fullName":"§8 – Webhook Log Lifecycle 8.4 – webhookLog.update records transactionRef from parsed payload","invocations":1,"location":null,"numPassingAsserts":2,"retryReasons":[],"startAt":1783421276520,"status":"passed","title":"8.4 – webhookLog.update records transactionRef from parsed payload"},{"ancestorTitles":["§8 – Webhook Log Lifecycle"],"duration":0,"failing":false,"failureDetails":[],"failureMessages":[],"fullName":"§8 – Webhook Log Lifecycle 8.5 – concurrent duplicate (count=0): globalDb.webhookLog marked DUPLICATE","invocations":1,"location":null,"numPassingAsserts":1,"retryReasons":[],"startAt":1783421276522,"status":"passed","title":"8.5 – concurrent duplicate (count=0): globalDb.webhookLog marked DUPLICATE"},{"ancestorTitles":["§9 – Tenant Isolation"],"duration":1,"failing":false,"failureDetails":[],"failureMessages":[],"fullName":"§9 – Tenant Isolation 9.1 – null tenantId: service resolves tenant from transaction and re-scopes db","invocations":1,"location":null,"numPassingAsserts":2,"retryReasons":[],"startAt":1783421276523,"status":"passed","title":"9.1 – null tenantId: service resolves tenant from transaction and re-scopes db"},{"ancestorTitles":["§9 – Tenant Isolation"],"duration":1,"failing":false,"failureDetails":[],"failureMessages":[],"fullName":"§9 – Tenant Isolation 9.2 – getChannel returns null when no ACTIVE channel exists for tenant","invocations":1,"location":null,"numPassingAsserts":1,"retryReasons":[],"startAt":1783421276524,"status":"passed","title":"9.2 – getChannel returns null when no ACTIVE channel exists for tenant"},{"ancestorTitles":["§9 – Tenant Isolation"],"duration":1,"failing":false,"failureDetails":[],"failureMessages":[],"fullName":"§9 – Tenant Isolation 9.3 – transaction query includes tenantId when tenantId is provided","invocations":1,"location":null,"numPassingAsserts":2,"retryReasons":[],"startAt":1783421276525,"status":"passed","title":"9.3 – transaction query includes tenantId when tenantId is provided"},{"ancestorTitles":["§9 – Tenant Isolation"],"duration":1,"failing":false,"failureDetails":[],"failureMessages":[],"fullName":"§9 – Tenant Isolation 9.4 – null tenantId: transaction query has no tenantId filter (global lookup)","invocations":1,"location":null,"numPassingAsserts":2,"retryReasons":[],"startAt":1783421276526,"status":"passed","title":"9.4 – null tenantId: transaction query has no tenantId filter (global lookup)"},{"ancestorTitles":["§10 – End-to-End: Payment → RADIUS → MikroTik"],"duration":1,"failing":false,"failureDetails":[],"failureMessages":[],"fullName":"§10 – End-to-End: Payment → RADIUS → MikroTik 10.1 – full activation: COMPLETED, RADIUS synced, MikroTik activated, SYNCED","invocations":1,"location":null,"numPassingAsserts":6,"retryReasons":[],"startAt":1783421276528,"status":"passed","title":"10.1 – full activation: COMPLETED, RADIUS synced, MikroTik activated, SYNCED"},{"ancestorTitles":["§10 – End-to-End: Payment → RADIUS → MikroTik"],"duration":1,"failing":false,"failureDetails":[],"failureMessages":[],"fullName":"§10 – End-to-End: Payment → RADIUS → MikroTik 10.2 – RADIUS fails: MikroTik still activates (independent error paths)","invocations":1,"location":null,"numPassingAsserts":2,"retryReasons":[],"startAt":1783421276530,"status":"passed","title":"10.2 – RADIUS fails: MikroTik still activates (independent error paths)"},{"ancestorTitles":["§10 – End-to-End: Payment → RADIUS → MikroTik"],"duration":2,"failing":false,"failureDetails":[],"failureMessages":[],"fullName":"§10 – End-to-End: Payment → RADIUS → MikroTik 10.3 – MikroTik fails: payment COMPLETED, RADIUS still ran","invocations":1,"location":null,"numPassingAsserts":2,"retryReasons":[],"startAt":1783421276531,"status":"passed","title":"10.3 – MikroTik fails: payment COMPLETED, RADIUS still ran"},{"ancestorTitles":["§10 – End-to-End: Payment → RADIUS → MikroTik"],"duration":1,"failing":false,"failureDetails":[],"failureMessages":[],"fullName":"§10 – End-to-End: Payment → RADIUS → MikroTik 10.4 – routerId=null: RADIUS runs, MikroTik skipped, COMPLETED","invocations":1,"location":null,"numPassingAsserts":3,"retryReasons":[],"startAt":1783421276534,"status":"passed","title":"10.4 – routerId=null: RADIUS runs, MikroTik skipped, COMPLETED"},{"ancestorTitles":["§10 – End-to-End: Payment → RADIUS → MikroTik"],"duration":1,"failing":false,"failureDetails":[],"failureMessages":[],"fullName":"§10 – End-to-End: Payment → RADIUS → MikroTik 10.5 – failed provider result: neither RADIUS nor MikroTik called","invocations":1,"location":null,"numPassingAsserts":3,"retryReasons":[],"startAt":1783421276535,"status":"passed","title":"10.5 – failed provider result: neither RADIUS nor MikroTik called"},{"ancestorTitles":["§10 – End-to-End: Payment → RADIUS → MikroTik"],"duration":1,"failing":false,"failureDetails":[],"failureMessages":[],"fullName":"§10 – End-to-End: Payment → RADIUS → MikroTik 10.6 – HOTSPOT client password falls back to phone; PPPoE falls back to \"123456\"","invocations":1,"location":null,"numPassingAsserts":1,"retryReasons":[],"startAt":1783421276536,"status":"passed","title":"10.6 – HOTSPOT client password falls back to phone; PPPoE falls back to \"123456\""}],"endTime":1783421276541,"message":"","name":"C:\\Users\\hqbak\\HQ INVESTMENT\\backend\\src\\__tests__\\payment-mikrotik-radius.test.ts","startTime":1783421273569,"status":"passed","summary":""}],"wasInterrupted":false}
